This file contains any messages produced by compilers while
running configure, to aid debugging if configure makes a mistake.

It was created by Digital_rf configure 1.1.2, which was
generated by GNU Autoconf 2.69.  Invocation command line was

  $ ./configure --prefix=/usr

## --------- ##
## Platform. ##
## --------- ##

hostname = cbl-cal
uname -m = x86_64
uname -r = 3.16.0-30-generic
uname -s = Linux
uname -v = #40~14.04.1-Ubuntu SMP Thu Jan 15 17:43:14 UTC 2015

/usr/bin/uname -p = unknown
/bin/uname -X     = unknown

/bin/arch              = unknown
/usr/bin/arch -k       = unknown
/usr/convex/getsysinfo = unknown
/usr/bin/hostinfo      = unknown
/bin/machine           = unknown
/usr/bin/oslevel       = unknown
/bin/universe          = unknown

PATH: /usr/local/sbin
PATH: /usr/local/bin
PATH: /usr/sbin
PATH: /usr/bin
PATH: /sbin
PATH: /bin
PATH: /usr/games
PATH: /usr/local/games


## ----------- ##
## Core tests. ##
## ----------- ##

configure:2160: checking for a BSD-compatible install
configure:2228: result: /usr/bin/install -c
configure:2239: checking whether build environment is sane
configure:2294: result: yes
configure:2445: checking for a thread-safe mkdir -p
configure:2484: result: /bin/mkdir -p
configure:2491: checking for gawk
configure:2521: result: no
configure:2491: checking for mawk
configure:2507: found /usr/bin/mawk
configure:2518: result: mawk
configure:2529: checking whether make sets $(MAKE)
configure:2551: result: yes
configure:2580: checking whether make supports nested variables
configure:2597: result: yes
configure:2738: checking for style of include used by make
configure:2766: result: GNU
configure:2837: checking for gcc
configure:2853: found /usr/bin/gcc
configure:2864: result: gcc
configure:3093: checking for C compiler version
configure:3102: gcc --version >&5
gcc (Ubuntu 4.8.4-2ubuntu1~14.04) 4.8.4
Copyright (C) 2013 Free Software Foundation, Inc.
This is free software; see the source for copying conditions.  There is NO
warranty; not even for MERCHANTABILITY or FITNESS FOR A PARTICULAR PURPOSE.

configure:3113: $? = 0
configure:3102: gcc -v >&5
Using built-in specs.
COLLECT_GCC=gcc
COLLECT_LTO_WRAPPER=/usr/lib/gcc/x86_64-linux-gnu/4.8/lto-wrapper
Target: x86_64-linux-gnu
Configured with: ../src/configure -v --with-pkgversion='Ubuntu 4.8.4-2ubuntu1~14.04' --with-bugurl=file:///usr/share/doc/gcc-4.8/README.Bugs --enable-languages=c,c++,java,go,d,fortran,objc,obj-c++ --prefix=/usr --program-suffix=-4.8 --enable-shared --enable-linker-build-id --libexecdir=/usr/lib --without-included-gettext --enable-threads=posix --with-gxx-include-dir=/usr/include/c++/4.8 --libdir=/usr/lib --enable-nls --with-sysroot=/ --enable-clocale=gnu --enable-libstdcxx-debug --enable-libstdcxx-time=yes --enable-gnu-unique-object --disable-libmudflap --enable-plugin --with-system-zlib --disable-browser-plugin --enable-java-awt=gtk --enable-gtk-cairo --with-java-home=/usr/lib/jvm/java-1.5.0-gcj-4.8-amd64/jre --enable-java-home --with-jvm-root-dir=/usr/lib/jvm/java-1.5.0-gcj-4.8-amd64 --with-jvm-jar-dir=/usr/lib/jvm-exports/java-1.5.0-gcj-4.8-amd64 --with-arch-directory=amd64 --with-ecj-jar=/usr/share/java/eclipse-ecj.jar --enable-objc-gc --enable-multiarch --disable-werror --with-arch-32=i686 --with-abi=m64 --with-multilib-list=m32,m64,mx32 --with-tune=generic --enable-checking=release --build=x86_64-linux-gnu --host=x86_64-linux-gnu --target=x86_64-linux-gnu
Thread model: posix
gcc version 4.8.4 (Ubuntu 4.8.4-2ubuntu1~14.04) 
configure:3113: $? = 0
configure:3102: gcc -V >&5
gcc: error: unrecognized command line option '-V'
gcc: fatal error: no input files
compilation terminated.
configure:3113: $? = 4
configure:3102: gcc -qversion >&5
gcc: error: unrecognized command line option '-qversion'
gcc: fatal error: no input files
compilation terminated.
configure:3113: $? = 4
configure:3133: checking whether the C compiler works
configure:3155: gcc    conftest.c  >&5
configure:3159: $? = 0
configure:3207: result: yes
configure:3210: checking for C compiler default output file name
configure:3212: result: a.out
configure:3218: checking for suffix of executables
configure:3225: gcc -o conftest    conftest.c  >&5
configure:3229: $? = 0
configure:3251: result: 
configure:3273: checking whether we are cross compiling
configure:3281: gcc -o conftest    conftest.c  >&5
configure:3285: $? = 0
configure:3292: ./conftest
configure:3296: $? = 0
configure:3311: result: no
configure:3316: checking for suffix of object files
configure:3338: gcc -c   conftest.c >&5
configure:3342: $? = 0
configure:3363: result: o
configure:3367: checking whether we are using the GNU C compiler
configure:3386: gcc -c   conftest.c >&5
configure:3386: $? = 0
configure:3395: result: yes
configure:3404: checking whether gcc accepts -g
configure:3424: gcc -c -g  conftest.c >&5
configure:3424: $? = 0
configure:3465: result: yes
configure:3482: checking for gcc option to accept ISO C89
configure:3545: gcc  -c -g -O2  conftest.c >&5
configure:3545: $? = 0
configure:3558: result: none needed
configure:3583: checking whether gcc understands -c and -o together
configure:3605: gcc -c conftest.c -o conftest2.o
configure:3608: $? = 0
configure:3605: gcc -c conftest.c -o conftest2.o
configure:3608: $? = 0
configure:3620: result: yes
configure:3639: checking dependency style of gcc
configure:3750: result: gcc3
configure:3815: checking for ar
configure:3831: found /usr/bin/ar
configure:3842: result: ar
configure:3868: checking the archiver (ar) interface
configure:3884: gcc -c -g -O2  conftest.c >&5
configure:3884: $? = 0
configure:3886: ar cru libconftest.a conftest.o >&5
configure:3889: $? = 0
configure:3917: result: ar
configure:3986: checking for gcc
configure:4013: result: gcc
configure:4242: checking for C compiler version
configure:4251: gcc --version >&5
gcc (Ubuntu 4.8.4-2ubuntu1~14.04) 4.8.4
Copyright (C) 2013 Free Software Foundation, Inc.
This is free software; see the source for copying conditions.  There is NO
warranty; not even for MERCHANTABILITY or FITNESS FOR A PARTICULAR PURPOSE.

configure:4262: $? = 0
configure:4251: gcc -v >&5
Using built-in specs.
COLLECT_GCC=gcc
COLLECT_LTO_WRAPPER=/usr/lib/gcc/x86_64-linux-gnu/4.8/lto-wrapper
Target: x86_64-linux-gnu
Configured with: ../src/configure -v --with-pkgversion='Ubuntu 4.8.4-2ubuntu1~14.04' --with-bugurl=file:///usr/share/doc/gcc-4.8/README.Bugs --enable-languages=c,c++,java,go,d,fortran,objc,obj-c++ --prefix=/usr --program-suffix=-4.8 --enable-shared --enable-linker-build-id --libexecdir=/usr/lib --without-included-gettext --enable-threads=posix --with-gxx-include-dir=/usr/include/c++/4.8 --libdir=/usr/lib --enable-nls --with-sysroot=/ --enable-clocale=gnu --enable-libstdcxx-debug --enable-libstdcxx-time=yes --enable-gnu-unique-object --disable-libmudflap --enable-plugin --with-system-zlib --disable-browser-plugin --enable-java-awt=gtk --enable-gtk-cairo --with-java-home=/usr/lib/jvm/java-1.5.0-gcj-4.8-amd64/jre --enable-java-home --with-jvm-root-dir=/usr/lib/jvm/java-1.5.0-gcj-4.8-amd64 --with-jvm-jar-dir=/usr/lib/jvm-exports/java-1.5.0-gcj-4.8-amd64 --with-arch-directory=amd64 --with-ecj-jar=/usr/share/java/eclipse-ecj.jar --enable-objc-gc --enable-multiarch --disable-werror --with-arch-32=i686 --with-abi=m64 --with-multilib-list=m32,m64,mx32 --with-tune=generic --enable-checking=release --build=x86_64-linux-gnu --host=x86_64-linux-gnu --target=x86_64-linux-gnu
Thread model: posix
gcc version 4.8.4 (Ubuntu 4.8.4-2ubuntu1~14.04) 
configure:4262: $? = 0
configure:4251: gcc -V >&5
gcc: error: unrecognized command line option '-V'
gcc: fatal error: no input files
compilation terminated.
configure:4262: $? = 4
configure:4251: gcc -qversion >&5
gcc: error: unrecognized command line option '-qversion'
gcc: fatal error: no input files
compilation terminated.
configure:4262: $? = 4
configure:4266: checking whether we are using the GNU C compiler
configure:4294: result: yes
configure:4303: checking whether gcc accepts -g
configure:4364: result: yes
configure:4381: checking for gcc option to accept ISO C89
configure:4457: result: none needed
configure:4482: checking whether gcc understands -c and -o together
configure:4519: result: yes
configure:4538: checking dependency style of gcc
configure:4649: result: gcc3
configure:4693: checking build system type
configure:4707: result: x86_64-unknown-linux-gnu
configure:4727: checking host system type
configure:4740: result: x86_64-unknown-linux-gnu
configure:4781: checking how to print strings
configure:4808: result: printf
configure:4829: checking for a sed that does not truncate output
configure:4893: result: /bin/sed
configure:4911: checking for grep that handles long lines and -e
configure:4969: result: /bin/grep
configure:4974: checking for egrep
configure:5036: result: /bin/grep -E
configure:5041: checking for fgrep
configure:5103: result: /bin/grep -F
configure:5138: checking for ld used by gcc
configure:5205: result: /usr/bin/ld
configure:5212: checking if the linker (/usr/bin/ld) is GNU ld
configure:5227: result: yes
configure:5239: checking for BSD- or MS-compatible name lister (nm)
configure:5288: result: /usr/bin/nm -B
configure:5418: checking the name lister (/usr/bin/nm -B) interface
configure:5425: gcc -c -g -O2  conftest.c >&5
configure:5428: /usr/bin/nm -B "conftest.o"
configure:5431: output
0000000000000000 B some_variable
configure:5438: result: BSD nm
configure:5441: checking whether ln -s works
configure:5445: result: yes
configure:5453: checking the maximum length of command line arguments
configure:5584: result: 1572864
configure:5601: checking whether the shell understands some XSI constructs
configure:5611: result: yes
configure:5615: checking whether the shell understands "+="
configure:5621: result: yes
configure:5656: checking how to convert x86_64-unknown-linux-gnu file names to x86_64-unknown-linux-gnu format
configure:5696: result: func_convert_file_noop
configure:5703: checking how to convert x86_64-unknown-linux-gnu file names to toolchain format
configure:5723: result: func_convert_file_noop
configure:5730: checking for /usr/bin/ld option to reload object files
configure:5737: result: -r
configure:5811: checking for objdump
configure:5827: found /usr/bin/objdump
configure:5838: result: objdump
configure:5870: checking how to recognize dependent libraries
configure:6068: result: pass_all
configure:6153: checking for dlltool
configure:6183: result: no
configure:6213: checking how to associate runtime and link libraries
configure:6240: result: printf %s\n
configure:6364: checking for archiver @FILE support
configure:6381: gcc -c -g -O2  conftest.c >&5
configure:6381: $? = 0
configure:6384: ar cru libconftest.a @conftest.lst >&5
configure:6387: $? = 0
configure:6392: ar cru libconftest.a @conftest.lst >&5
ar: conftest.o: No such file or directory
configure:6395: $? = 1
configure:6407: result: @
configure:6465: checking for strip
configure:6481: found /usr/bin/strip
configure:6492: result: strip
configure:6564: checking for ranlib
configure:6580: found /usr/bin/ranlib
configure:6591: result: ranlib
configure:6693: checking command to parse /usr/bin/nm -B output from gcc object
configure:6813: gcc -c -g -O2  conftest.c >&5
configure:6816: $? = 0
configure:6820: /usr/bin/nm -B conftest.o \| sed -n -e 's/^.*[ ]\([ABCDGIRSTW][ABCDGIRSTW]*\)[ ][ ]*\([_A-Za-z][_A-Za-z0-9]*\)$/\1 \2 \2/p' | sed '/ __gnu_lto/d' \> conftest.nm
configure:6823: $? = 0
configure:6889: gcc -o conftest -g -O2   conftest.c conftstm.o >&5
configure:6892: $? = 0
configure:6930: result: ok
configure:6967: checking for sysroot
configure:6997: result: no
configure:7074: gcc -c -g -O2  conftest.c >&5
configure:7077: $? = 0
configure:7266: checking for mt
configure:7282: found /bin/mt
configure:7293: result: mt
configure:7316: checking if mt is a manifest tool
configure:7322: mt '-?'
configure:7330: result: no
configure:7972: checking how to run the C preprocessor
configure:8003: gcc -E  conftest.c
configure:8003: $? = 0
configure:8017: gcc -E  conftest.c
conftest.c:11:28: fatal error: ac_nonexistent.h: No such file or directory
 #include <ac_nonexistent.h>
                            ^
compilation terminated.
configure:8017: $? = 1
configure: failed program was:
| /* confdefs.h */
| #define PACKAGE_NAME "Digital_rf"
| #define PACKAGE_TARNAME "digital_rf"
| #define PACKAGE_VERSION "1.1.2"
| #define PACKAGE_STRING "Digital_rf 1.1.2"
| #define PACKAGE_BUGREPORT "brideout@haystack.mit.edu"
| #define PACKAGE_URL ""
| #define PACKAGE "digital_rf"
| #define VERSION "1.1.2"
| /* end confdefs.h.  */
| #include <ac_nonexistent.h>
configure:8042: result: gcc -E
configure:8062: gcc -E  conftest.c
configure:8062: $? = 0
configure:8076: gcc -E  conftest.c
conftest.c:11:28: fatal error: ac_nonexistent.h: No such file or directory
 #include <ac_nonexistent.h>
                            ^
compilation terminated.
configure:8076: $? = 1
configure: failed program was:
| /* confdefs.h */
| #define PACKAGE_NAME "Digital_rf"
| #define PACKAGE_TARNAME "digital_rf"
| #define PACKAGE_VERSION "1.1.2"
| #define PACKAGE_STRING "Digital_rf 1.1.2"
| #define PACKAGE_BUGREPORT "brideout@haystack.mit.edu"
| #define PACKAGE_URL ""
| #define PACKAGE "digital_rf"
| #define VERSION "1.1.2"
| /* end confdefs.h.  */
| #include <ac_nonexistent.h>
configure:8105: checking for ANSI C header files
configure:8125: gcc -c -g -O2  conftest.c >&5
configure:8125: $? = 0
configure:8198: gcc -o conftest -g -O2   conftest.c  >&5
configure:8198: $? = 0
configure:8198: ./conftest
configure:8198: $? = 0
configure:8209: result: yes
configure:8222: checking for sys/types.h
configure:8222: gcc -c -g -O2  conftest.c >&5
configure:8222: $? = 0
configure:8222: result: yes
configure:8222: checking for sys/stat.h
configure:8222: gcc -c -g -O2  conftest.c >&5
configure:8222: $? = 0
configure:8222: result: yes
configure:8222: checking for stdlib.h
configure:8222: gcc -c -g -O2  conftest.c >&5
configure:8222: $? = 0
configure:8222: result: yes
configure:8222: checking for string.h
configure:8222: gcc -c -g -O2  conftest.c >&5
configure:8222: $? = 0
configure:8222: result: yes
configure:8222: checking for memory.h
configure:8222: gcc -c -g -O2  conftest.c >&5
configure:8222: $? = 0
configure:8222: result: yes
configure:8222: checking for strings.h
configure:8222: gcc -c -g -O2  conftest.c >&5
configure:8222: $? = 0
configure:8222: result: yes
configure:8222: checking for inttypes.h
configure:8222: gcc -c -g -O2  conftest.c >&5
configure:8222: $? = 0
configure:8222: result: yes
configure:8222: checking for stdint.h
configure:8222: gcc -c -g -O2  conftest.c >&5
configure:8222: $? = 0
configure:8222: result: yes
configure:8222: checking for unistd.h
configure:8222: gcc -c -g -O2  conftest.c >&5
configure:8222: $? = 0
configure:8222: result: yes
configure:8236: checking for dlfcn.h
configure:8236: gcc -c -g -O2  conftest.c >&5
configure:8236: $? = 0
configure:8236: result: yes
configure:8442: checking for objdir
configure:8457: result: .libs
configure:8724: checking if gcc supports -fno-rtti -fno-exceptions
configure:8742: gcc -c -g -O2  -fno-rtti -fno-exceptions conftest.c >&5
cc1: warning: command line option '-fno-rtti' is valid for C++/ObjC++ but not for C [enabled by default]
configure:8746: $? = 0
configure:8759: result: no
configure:9086: checking for gcc option to produce PIC
configure:9093: result: -fPIC -DPIC
configure:9101: checking if gcc PIC flag -fPIC -DPIC works
configure:9119: gcc -c -g -O2  -fPIC -DPIC -DPIC conftest.c >&5
configure:9123: $? = 0
configure:9136: result: yes
configure:9165: checking if gcc static flag -static works
configure:9193: result: yes
configure:9208: checking if gcc supports -c -o file.o
configure:9229: gcc -c -g -O2  -o out/conftest2.o conftest.c >&5
configure:9233: $? = 0
configure:9255: result: yes
configure:9263: checking if gcc supports -c -o file.o
configure:9310: result: yes
configure:9343: checking whether the gcc linker (/usr/bin/ld -m elf_x86_64) supports shared libraries
configure:10500: result: yes
configure:10537: checking whether -lc should be explicitly linked in
configure:10545: gcc -c -g -O2  conftest.c >&5
configure:10548: $? = 0
configure:10563: gcc -shared  -fPIC -DPIC conftest.o  -v -Wl,-soname -Wl,conftest -o conftest 2\>\&1 \| /bin/grep  -lc  \>/dev/null 2\>\&1
configure:10566: $? = 0
configure:10580: result: no
configure:10740: checking dynamic linker characteristics
configure:11240: gcc -o conftest -g -O2   -Wl,-rpath -Wl,/foo conftest.c  >&5
configure:11240: $? = 0
configure:11474: result: GNU/Linux ld.so
configure:11581: checking how to hardcode library paths into programs
configure:11606: result: immediate
configure:12146: checking whether stripping libraries is possible
configure:12151: result: yes
configure:12186: checking if libtool supports shared libraries
configure:12188: result: yes
configure:12191: checking whether to build shared libraries
configure:12212: result: yes
configure:12215: checking whether to build static libraries
configure:12219: result: yes
configure:12259: checking for H5T_get_sign in -lhdf5
configure:12284: gcc -o conftest -g -O2   conftest.c -lhdf5   >&5
configure:12284: $? = 0
configure:12293: result: yes
configure:12429: checking that generated files are newer than configure
configure:12435: result: done
configure:12462: creating ./config.status

## ---------------------- ##
## Running config.status. ##
## ---------------------- ##

This file was extended by Digital_rf config.status 1.1.2, which was
generated by GNU Autoconf 2.69.  Invocation command line was

  CONFIG_FILES    = 
  CONFIG_HEADERS  = 
  CONFIG_LINKS    = 
  CONFIG_COMMANDS = 
  $ ./config.status 

on cbl-cal

config.status:1084: creating Makefile
config.status:1084: creating source/Makefile
config.status:1084: creating config.h
config.status:1313: executing depfiles commands
config.status:1313: executing libtool commands

## ---------------- ##
## Cache variables. ##
## ---------------- ##

ac_cv_build=x86_64-unknown-linux-gnu
ac_cv_c_compiler_gnu=yes
ac_cv_env_CC_set=
ac_cv_env_CC_value=
ac_cv_env_CFLAGS_set=
ac_cv_env_CFLAGS_value=
ac_cv_env_CPPFLAGS_set=
ac_cv_env_CPPFLAGS_value=
ac_cv_env_CPP_set=
ac_cv_env_CPP_value=
ac_cv_env_LDFLAGS_set=
ac_cv_env_LDFLAGS_value=
ac_cv_env_LIBS_set=
ac_cv_env_LIBS_value=
ac_cv_env_build_alias_set=
ac_cv_env_build_alias_value=
ac_cv_env_host_alias_set=
ac_cv_env_host_alias_value=
ac_cv_env_target_alias_set=
ac_cv_env_target_alias_value=
ac_cv_header_dlfcn_h=yes
ac_cv_header_inttypes_h=yes
ac_cv_header_memory_h=yes
ac_cv_header_stdc=yes
ac_cv_header_stdint_h=yes
ac_cv_header_stdlib_h=yes
ac_cv_header_string_h=yes
ac_cv_header_strings_h=yes
ac_cv_header_sys_stat_h=yes
ac_cv_header_sys_types_h=yes
ac_cv_header_unistd_h=yes
ac_cv_host=x86_64-unknown-linux-gnu
ac_cv_lib_hdf5_H5T_get_sign=yes
ac_cv_objext=o
ac_cv_path_EGREP='/bin/grep -E'
ac_cv_path_FGREP='/bin/grep -F'
ac_cv_path_GREP=/bin/grep
ac_cv_path_SED=/bin/sed
ac_cv_path_install='/usr/bin/install -c'
ac_cv_path_mkdir=/bin/mkdir
ac_cv_prog_AWK=mawk
ac_cv_prog_CPP='gcc -E'
ac_cv_prog_ac_ct_AR=ar
ac_cv_prog_ac_ct_CC=gcc
ac_cv_prog_ac_ct_MANIFEST_TOOL=mt
ac_cv_prog_ac_ct_OBJDUMP=objdump
ac_cv_prog_ac_ct_RANLIB=ranlib
ac_cv_prog_ac_ct_STRIP=strip
ac_cv_prog_cc_c89=
ac_cv_prog_cc_g=yes
ac_cv_prog_make_make_set=yes
am_cv_CC_dependencies_compiler_type=gcc3
am_cv_ar_interface=ar
am_cv_make_support_nested_variables=yes
am_cv_prog_cc_c_o=yes
lt_cv_ar_at_file=@
lt_cv_archive_cmds_need_lc=no
lt_cv_deplibs_check_method=pass_all
lt_cv_file_magic_cmd='$MAGIC_CMD'
lt_cv_file_magic_test_file=
lt_cv_ld_reload_flag=-r
lt_cv_nm_interface='BSD nm'
lt_cv_objdir=.libs
lt_cv_path_LD=/usr/bin/ld
lt_cv_path_NM='/usr/bin/nm -B'
lt_cv_path_mainfest_tool=no
lt_cv_prog_compiler_c_o=yes
lt_cv_prog_compiler_pic='-fPIC -DPIC'
lt_cv_prog_compiler_pic_works=yes
lt_cv_prog_compiler_rtti_exceptions=no
lt_cv_prog_compiler_static_works=yes
lt_cv_prog_gnu_ld=yes
lt_cv_sharedlib_from_linklib_cmd='printf %s\n'
lt_cv_shlibpath_overrides_runpath=no
lt_cv_sys_global_symbol_pipe='sed -n -e '\''s/^.*[	 ]\([ABCDGIRSTW][ABCDGIRSTW]*\)[	 ][	 ]*\([_A-Za-z][_A-Za-z0-9]*\)$/\1 \2 \2/p'\'' | sed '\''/ __gnu_lto/d'\'''
lt_cv_sys_global_symbol_to_c_name_address='sed -n -e '\''s/^: \([^ ]*\)[ ]*$/  {\"\1\", (void *) 0},/p'\'' -e '\''s/^[ABCDGIRSTW]* \([^ ]*\) \([^ ]*\)$/  {"\2", (void *) \&\2},/p'\'''
lt_cv_sys_global_symbol_to_c_name_address_lib_prefix='sed -n -e '\''s/^: \([^ ]*\)[ ]*$/  {\"\1\", (void *) 0},/p'\'' -e '\''s/^[ABCDGIRSTW]* \([^ ]*\) \(lib[^ ]*\)$/  {"\2", (void *) \&\2},/p'\'' -e '\''s/^[ABCDGIRSTW]* \([^ ]*\) \([^ ]*\)$/  {"lib\2", (void *) \&\2},/p'\'''
lt_cv_sys_global_symbol_to_cdecl='sed -n -e '\''s/^T .* \(.*\)$/extern int \1();/p'\'' -e '\''s/^[ABCDGIRSTW]* .* \(.*\)$/extern char \1;/p'\'''
lt_cv_sys_max_cmd_len=1572864
lt_cv_to_host_file_cmd=func_convert_file_noop
lt_cv_to_tool_file_cmd=func_convert_file_noop

## ----------------- ##
## Output variables. ##
## ----------------- ##

ACLOCAL='${SHELL} /home/oper/src/digital_rf/trunk/missing aclocal-1.14'
AMDEPBACKSLASH='\'
AMDEP_FALSE='#'
AMDEP_TRUE=''
AMTAR='$${TAR-tar}'
AM_BACKSLASH='\'
AM_CXXFLAGS=''
AM_DEFAULT_V='$(AM_DEFAULT_VERBOSITY)'
AM_DEFAULT_VERBOSITY='1'
AM_LDFLAGS=''
AM_V='$(V)'
AR='ar'
AUTOCONF='${SHELL} /home/oper/src/digital_rf/trunk/missing autoconf'
AUTOHEADER='${SHELL} /home/oper/src/digital_rf/trunk/missing autoheader'
AUTOMAKE='${SHELL} /home/oper/src/digital_rf/trunk/missing automake-1.14'
AWK='mawk'
CC='gcc'
CCDEPMODE='depmode=gcc3'
CFLAGS='-g -O2'
CPP='gcc -E'
CPPFLAGS=''
CYGPATH_W='echo'
DEFS='-DHAVE_CONFIG_H'
DEPDIR='.deps'
DLLTOOL='false'
DSYMUTIL=''
DUMPBIN=''
ECHO_C=''
ECHO_N='-n'
ECHO_T=''
EGREP='/bin/grep -E'
EXEEXT=''
FGREP='/bin/grep -F'
GREP='/bin/grep'
INSTALL_DATA='${INSTALL} -m 644'
INSTALL_PROGRAM='${INSTALL}'
INSTALL_SCRIPT='${INSTALL}'
INSTALL_STRIP_PROGRAM='$(install_sh) -c -s'
LD='/usr/bin/ld -m elf_x86_64'
LDFLAGS=''
LIBOBJS=''
LIBS='-lhdf5 '
LIBTOOL='$(SHELL) $(top_builddir)/libtool'
LIPO=''
LN_S='ln -s'
LTLIBOBJS=''
MAKEINFO='${SHELL} /home/oper/src/digital_rf/trunk/missing makeinfo'
MANIFEST_TOOL=':'
MKDIR_P='/bin/mkdir -p'
NM='/usr/bin/nm -B'
NMEDIT=''
OBJDUMP='objdump'
OBJEXT='o'
OTOOL64=''
OTOOL=''
PACKAGE='digital_rf'
PACKAGE_BUGREPORT='brideout@haystack.mit.edu'
PACKAGE_NAME='Digital_rf'
PACKAGE_STRING='Digital_rf 1.1.2'
PACKAGE_TARNAME='digital_rf'
PACKAGE_URL=''
PACKAGE_VERSION='1.1.2'
PATH_SEPARATOR=':'
RANLIB='ranlib'
SED='/bin/sed'
SET_MAKE=''
SHELL='/bin/bash'
STRIP='strip'
VERSION='1.1.2'
ac_ct_AR='ar'
ac_ct_CC='gcc'
ac_ct_DUMPBIN=''
am__EXEEXT_FALSE=''
am__EXEEXT_TRUE='#'
am__fastdepCC_FALSE='#'
am__fastdepCC_TRUE=''
am__include='include'
am__isrc=''
am__leading_dot='.'
am__nodep='_no'
am__quote=''
am__tar='$${TAR-tar} chof - "$$tardir"'
am__untar='$${TAR-tar} xf -'
bindir='${exec_prefix}/bin'
build='x86_64-unknown-linux-gnu'
build_alias=''
build_cpu='x86_64'
build_os='linux-gnu'
build_vendor='unknown'
datadir='${datarootdir}'
datarootdir='${prefix}/share'
docdir='${datarootdir}/doc/${PACKAGE_TARNAME}'
dvidir='${docdir}'
exec_prefix='${prefix}'
host='x86_64-unknown-linux-gnu'
host_alias=''
host_cpu='x86_64'
host_os='linux-gnu'
host_vendor='unknown'
htmldir='${docdir}'
includedir='${prefix}/include'
infodir='${datarootdir}/info'
install_sh='${SHELL} /home/oper/src/digital_rf/trunk/install-sh'
libdir='${exec_prefix}/lib'
libexecdir='${exec_prefix}/libexec'
localedir='${datarootdir}/locale'
localstatedir='${prefix}/var'
mandir='${datarootdir}/man'
mkdir_p='$(MKDIR_P)'
oldincludedir='/usr/include'
pdfdir='${docdir}'
prefix='/usr'
program_transform_name='s,x,x,'
psdir='${docdir}'
sbindir='${exec_prefix}/sbin'
sharedstatedir='${prefix}/com'
sysconfdir='${prefix}/etc'
target_alias=''

## ----------- ##
## confdefs.h. ##
## ----------- ##

/* confdefs.h */
#define PACKAGE_NAME "Digital_rf"
#define PACKAGE_TARNAME "digital_rf"
#define PACKAGE_VERSION "1.1.2"
#define PACKAGE_STRING "Digital_rf 1.1.2"
#define PACKAGE_BUGREPORT "brideout@haystack.mit.edu"
#define PACKAGE_URL ""
#define PACKAGE "digital_rf"
#define VERSION "1.1.2"
#define STDC_HEADERS 1
#define HAVE_SYS_TYPES_H 1
#define HAVE_SYS_STAT_H 1
#define HAVE_STDLIB_H 1
#define HAVE_STRING_H 1
#define HAVE_MEMORY_H 1
#define HAVE_STRINGS_H 1
#define HAVE_INTTYPES_H 1
#define HAVE_STDINT_H 1
#define HAVE_UNISTD_H 1
#define HAVE_DLFCN_H 1
#define LT_OBJDIR ".libs/"
#define HAVE_LIBHDF5 1

configure: exit 0
